{"level":"info","message":"::1 - - [16/Jan/2017:15:36:59 +0000] \"POST /cursos/curso HTTP/1.1\" 400 324\n","timestamp":"2017-01-16T15:36:59.890Z"}
{"level":"info","message":"::1 - - [16/Jan/2017:15:39:29 +0000] \"POST /cursos/curso HTTP/1.1\" 400 1081\n","timestamp":"2017-01-16T15:39:29.094Z"}
{"level":"info","message":"::1 - - [16/Jan/2017:15:40:10 +0000] \"POST /cursos/curso HTTP/1.1\" 201 333\n","timestamp":"2017-01-16T15:40:10.796Z"}
{"level":"info","message":"::1 - - [16/Jan/2017:16:42:06 +0000] \"POST /cursos/curso HTTP/1.1\" 500 65\n","timestamp":"2017-01-16T16:42:06.026Z"}
{"level":"info","message":"::1 - - [16/Jan/2017:16:46:48 +0000] \"DELETE /cursos/curso/9 HTTP/1.1\" 500 2480\n","timestamp":"2017-01-16T16:46:48.860Z"}
{"level":"info","message":"::1 - - [16/Jan/2017:16:51:38 +0000] \"DELETE /cursos/curso/9 HTTP/1.1\" 204 -\n","timestamp":"2017-01-16T16:51:38.937Z"}
{"level":"info","message":"::1 - - [16/Jan/2017:16:58:24 +0000] \"POST /cursos/curso HTTP/1.1\" 500 65\n","timestamp":"2017-01-16T16:58:24.487Z"}
{"level":"info","message":"::1 - - [16/Jan/2017:17:01:20 +0000] \"PUT /cursos/curso HTTP/1.1\" 500 67\n","timestamp":"2017-01-16T17:01:20.989Z"}
{"level":"info","message":"::1 - - [16/Jan/2017:17:01:46 +0000] \"PUT /cursos/curso HTTP/1.1\" 500 67\n","timestamp":"2017-01-16T17:01:46.540Z"}
{"level":"info","message":"::1 - - [16/Jan/2017:17:02:52 +0000] \"PUT /cursos/curso HTTP/1.1\" 500 67\n","timestamp":"2017-01-16T17:02:52.192Z"}
{"level":"info","message":"::1 - - [16/Jan/2017:17:04:10 +0000] \"PUT /cursos/curso HTTP/1.1\" 500 67\n","timestamp":"2017-01-16T17:04:10.118Z"}
{"level":"info","message":"::1 - - [16/Jan/2017:17:04:39 +0000] \"PUT /cursos/curso HTTP/1.1\" 500 67\n","timestamp":"2017-01-16T17:04:39.768Z"}
{"level":"info","message":"::1 - - [16/Jan/2017:17:06:56 +0000] \"PUT /cursos/curso HTTP/1.1\" 500 67\n","timestamp":"2017-01-16T17:06:56.379Z"}
{"level":"info","message":"::1 - - [16/Jan/2017:17:10:05 +0000] \"PUT /cursos/curso HTTP/1.1\" 200 97\n","timestamp":"2017-01-16T17:10:05.396Z"}
{"level":"info","message":"::1 - - [16/Jan/2017:17:11:25 +0000] \"PUT /cursos/curso HTTP/1.1\" 200 95\n","timestamp":"2017-01-16T17:11:25.344Z"}
{"level":"info","message":"::1 - - [16/Jan/2017:17:26:59 +0000] \"PUT /cursos/curso HTTP/1.1\" 200 95\n","timestamp":"2017-01-16T17:26:59.963Z"}
{"level":"info","message":"::1 - - [16/Jan/2017:17:31:26 +0000] \"PUT /cursos/curso HTTP/1.1\" 200 95\n","timestamp":"2017-01-16T17:31:26.502Z"}
{"level":"info","message":"::1 - - [16/Jan/2017:17:38:18 +0000] \"PUT /cursos/curso HTTP/1.1\" 200 98\n","timestamp":"2017-01-16T17:38:18.526Z"}
{"level":"info","message":"::1 - - [16/Jan/2017:17:44:12 +0000] \"POST /cursos/curso HTTP/1.1\" 201 335\n","timestamp":"2017-01-16T17:44:12.961Z"}
{"level":"info","message":"consultando curso: 11","timestamp":"2017-01-16T17:48:41.558Z"}
{"level":"info","message":"::1 - - [16/Jan/2017:17:48:41 +0000] \"GET /cursos/curso/11 HTTP/1.1\" 200 109\n","timestamp":"2017-01-16T17:48:41.570Z"}
{"level":"info","message":"consultando curso: 1","timestamp":"2017-01-16T17:48:57.367Z"}
{"level":"info","message":"::1 - - [16/Jan/2017:17:48:57 +0000] \"GET /cursos/curso/1 HTTP/1.1\" 200 2\n","timestamp":"2017-01-16T17:48:57.472Z"}
{"level":"info","message":"consultando curso: 2","timestamp":"2017-01-16T17:49:03.539Z"}
{"level":"info","message":"::1 - - [16/Jan/2017:17:49:10 +0000] \"GET /cursos/curso/2 HTTP/1.1\" 200 2\n","timestamp":"2017-01-16T17:49:10.147Z"}
{"level":"info","message":"consultando curso: 2","timestamp":"2017-01-16T17:50:33.297Z"}
{"level":"info","message":"::1 - - [16/Jan/2017:17:50:33 +0000] \"GET /cursos/curso/2 HTTP/1.1\" 200 148\n","timestamp":"2017-01-16T17:50:33.988Z"}
{"level":"info","message":"consultando materia: 1","timestamp":"2017-01-16T18:41:48.323Z"}
{"level":"info","message":"::1 - - [16/Jan/2017:18:41:48 +0000] \"GET /materias/materia/1 HTTP/1.1\" 500 69\n","timestamp":"2017-01-16T18:41:48.792Z"}
{"level":"info","message":"consultando materia: 1","timestamp":"2017-01-16T18:43:26.123Z"}
{"level":"info","message":"::1 - - [16/Jan/2017:18:43:26 +0000] \"GET /materias/materia/1 HTTP/1.1\" 200 180\n","timestamp":"2017-01-16T18:43:26.400Z"}
{"level":"info","message":"::1 - - [16/Jan/2017:18:56:41 +0000] \"POST /cursos/curso HTTP/1.1\" 400 324\n","timestamp":"2017-01-16T18:56:41.335Z"}
{"level":"info","message":"::1 - - [16/Jan/2017:18:57:10 +0000] \"POST /materias/materia HTTP/1.1\" 201 360\n","timestamp":"2017-01-16T18:57:10.169Z"}
{"level":"info","message":"::1 - - [16/Jan/2017:22:04:42 +0000] \"PUT /cursos/curso HTTP/1.1\" 500 2480\n","timestamp":"2017-01-16T22:04:42.809Z"}
{"level":"info","message":"::1 - - [16/Jan/2017:22:05:58 +0000] \"PUT /cursos/curso HTTP/1.1\" 500 2480\n","timestamp":"2017-01-16T22:05:58.561Z"}
{"level":"info","message":"::1 - - [16/Jan/2017:22:09:12 +0000] \"PUT /materias/materia HTTP/1.1\" 500 71\n","timestamp":"2017-01-16T22:09:12.156Z"}
{"level":"info","message":"::1 - - [16/Jan/2017:22:13:08 +0000] \"PUT /materias/materia HTTP/1.1\" 200 125\n","timestamp":"2017-01-16T22:13:08.198Z"}
{"level":"info","message":"::1 - - [16/Jan/2017:22:14:20 +0000] \"DELETE /materias/materia/7 HTTP/1.1\" 500 2484\n","timestamp":"2017-01-16T22:14:20.240Z"}
{"level":"info","message":"::1 - - [16/Jan/2017:22:16:53 +0000] \"DELETE /materias/materia/7 HTTP/1.1\" 204 -\n","timestamp":"2017-01-16T22:16:53.551Z"}
{"level":"info","message":"::1 - - [18/Jan/2017:12:00:34 +0000] \"POST /usuarios/usuario HTTP/1.1\" 201 564\n","timestamp":"2017-01-18T12:00:34.821Z"}
{"level":"info","message":"::1 - - [18/Jan/2017:12:01:57 +0000] \"PUT /materias/materia HTTP/1.1\" 500 2497\n","timestamp":"2017-01-18T12:01:57.814Z"}
{"level":"info","message":"::1 - - [18/Jan/2017:12:04:52 +0000] \"PUT /materias/materia HTTP/1.1\" 500 2497\n","timestamp":"2017-01-18T12:04:52.638Z"}
{"level":"info","message":"::1 - - [18/Jan/2017:12:06:53 +0000] \"PUT /usuarios/usuario HTTP/1.1\" 500 67\n","timestamp":"2017-01-18T12:06:53.142Z"}
{"level":"info","message":"::1 - - [18/Jan/2017:12:13:26 +0000] \"PUT /usuarios/usuario HTTP/1.1\" 500 67\n","timestamp":"2017-01-18T12:13:26.271Z"}
{"level":"info","message":"::1 - - [18/Jan/2017:12:15:38 +0000] \"PUT /usuarios/usuario HTTP/1.1\" 500 67\n","timestamp":"2017-01-18T12:15:38.536Z"}
{"level":"info","message":"::1 - - [18/Jan/2017:12:17:37 +0000] \"PUT /usuarios/usuario HTTP/1.1\" 500 67\n","timestamp":"2017-01-18T12:17:37.937Z"}
{"level":"info","message":"consultando usuario: 8","timestamp":"2017-01-18T12:19:22.698Z"}
{"level":"info","message":"::1 - - [18/Jan/2017:12:19:22 +0000] \"GET /usuarios/usuario/8 HTTP/1.1\" 200 2\n","timestamp":"2017-01-18T12:19:22.813Z"}
{"level":"info","message":"consultando usuario: 9","timestamp":"2017-01-18T12:19:27.201Z"}
{"level":"info","message":"::1 - - [18/Jan/2017:12:19:27 +0000] \"GET /usuarios/usuario/9 HTTP/1.1\" 200 251\n","timestamp":"2017-01-18T12:19:27.294Z"}
{"level":"info","message":"::1 - - [18/Jan/2017:12:20:39 +0000] \"DELETE /usuarios/usuario/9 HTTP/1.1\" 204 -\n","timestamp":"2017-01-18T12:20:39.171Z"}
{"level":"info","message":"consultando usuario: 9","timestamp":"2017-01-18T12:20:45.884Z"}
{"level":"info","message":"::1 - - [18/Jan/2017:12:20:45 +0000] \"GET /usuarios/usuario/9 HTTP/1.1\" 200 2\n","timestamp":"2017-01-18T12:20:45.963Z"}
{"level":"info","message":"::1 - - [18/Jan/2017:13:22:11 +0000] \"PUT /usuarios/usuario HTTP/1.1\" 500 67\n","timestamp":"2017-01-18T13:22:11.520Z"}
{"level":"info","message":"::1 - - [18/Jan/2017:13:26:47 +0000] \"PUT /usuarios/usuario HTTP/1.1\" 500 65\n","timestamp":"2017-01-18T13:26:47.565Z"}
{"level":"info","message":"::1 - - [18/Jan/2017:13:28:09 +0000] \"PUT /usuarios/usuario HTTP/1.1\" 200 227\n","timestamp":"2017-01-18T13:28:09.138Z"}
{"level":"info","message":"::1 - - [18/Jan/2017:14:34:08 +0000] \"POST /aulas/aula HTTP/1.1\" 400 1151\n","timestamp":"2017-01-18T14:34:08.799Z"}
{"level":"info","message":"::1 - - [18/Jan/2017:14:35:54 +0000] \"POST /aulas/aula HTTP/1.1\" 400 177\n","timestamp":"2017-01-18T14:35:54.816Z"}
{"level":"info","message":"::1 - - [18/Jan/2017:16:48:31 +0000] \"POST /aulas/aula HTTP/1.1\" 400 465\n","timestamp":"2017-01-18T16:48:31.061Z"}
{"level":"info","message":"::1 - - [18/Jan/2017:16:49:20 +0000] \"POST /aulas/aula HTTP/1.1\" 201 824\n","timestamp":"2017-01-18T16:49:20.813Z"}
{"level":"info","message":"::1 - - [18/Jan/2017:16:50:45 +0000] \"PUT /aulas/aula HTTP/1.1\" 500 67\n","timestamp":"2017-01-18T16:50:45.590Z"}
{"level":"info","message":"::1 - - [18/Jan/2017:16:52:38 +0000] \"PUT /aulas/aula HTTP/1.1\" 500 67\n","timestamp":"2017-01-18T16:52:38.298Z"}
{"level":"info","message":"::1 - - [18/Jan/2017:16:57:30 +0000] \"PUT /aulas/aula HTTP/1.1\" 500 67\n","timestamp":"2017-01-18T16:57:30.271Z"}
{"level":"info","message":"::1 - - [18/Jan/2017:16:58:18 +0000] \"PUT /aulas/aula HTTP/1.1\" 500 67\n","timestamp":"2017-01-18T16:58:18.282Z"}
{"level":"info","message":"::1 - - [18/Jan/2017:16:59:19 +0000] \"PUT /aulas/aula HTTP/1.1\" 500 67\n","timestamp":"2017-01-18T16:59:19.169Z"}
{"level":"info","message":"::1 - - [18/Jan/2017:17:00:21 +0000] \"PUT /aulas/aula HTTP/1.1\" 500 67\n","timestamp":"2017-01-18T17:00:21.424Z"}
{"level":"info","message":"::1 - - [18/Jan/2017:17:00:44 +0000] \"PUT /aulas/aula HTTP/1.1\" 500 67\n","timestamp":"2017-01-18T17:00:44.808Z"}
{"level":"info","message":"::1 - - [18/Jan/2017:17:02:42 +0000] \"PUT /aulas/aula HTTP/1.1\" 500 67\n","timestamp":"2017-01-18T17:02:42.482Z"}
{"level":"info","message":"::1 - - [18/Jan/2017:17:05:42 +0000] \"PUT /aulas/aula HTTP/1.1\" 500 67\n","timestamp":"2017-01-18T17:05:42.469Z"}
{"level":"info","message":"::1 - - [18/Jan/2017:17:06:02 +0000] \"PUT /aulas/aula HTTP/1.1\" 500 67\n","timestamp":"2017-01-18T17:06:02.325Z"}
{"level":"info","message":"::1 - - [18/Jan/2017:17:06:43 +0000] \"PUT /aulas/aula HTTP/1.1\" 500 67\n","timestamp":"2017-01-18T17:06:43.238Z"}
{"level":"info","message":"::1 - - [18/Jan/2017:17:07:09 +0000] \"PUT /aulas/aula HTTP/1.1\" 500 67\n","timestamp":"2017-01-18T17:07:09.057Z"}
{"level":"info","message":"::1 - - [18/Jan/2017:17:07:35 +0000] \"PUT /aulas/aula HTTP/1.1\" 500 67\n","timestamp":"2017-01-18T17:07:35.881Z"}
{"level":"info","message":"::1 - - [18/Jan/2017:17:08:08 +0000] \"PUT /aulas/aula HTTP/1.1\" 500 67\n","timestamp":"2017-01-18T17:08:08.949Z"}
{"level":"info","message":"::1 - - [18/Jan/2017:17:08:35 +0000] \"PUT /aulas/aula HTTP/1.1\" 200 606\n","timestamp":"2017-01-18T17:08:35.013Z"}
{"level":"info","message":"::1 - - [18/Jan/2017:17:09:20 +0000] \"POST /aulas/aula HTTP/1.1\" 500 65\n","timestamp":"2017-01-18T17:09:20.753Z"}
{"level":"info","message":"::1 - - [18/Jan/2017:17:09:55 +0000] \"POST /aulas/aula HTTP/1.1\" 500 65\n","timestamp":"2017-01-18T17:09:55.559Z"}
{"level":"info","message":"::1 - - [18/Jan/2017:17:10:01 +0000] \"PUT /aulas/aula HTTP/1.1\" 500 67\n","timestamp":"2017-01-18T17:10:01.338Z"}
{"level":"info","message":"::1 - - [18/Jan/2017:17:10:17 +0000] \"PUT /aulas/aula HTTP/1.1\" 500 67\n","timestamp":"2017-01-18T17:10:17.760Z"}
{"level":"info","message":"::1 - - [18/Jan/2017:17:13:19 +0000] \"PUT /aulas/aula HTTP/1.1\" 200 606\n","timestamp":"2017-01-18T17:13:19.768Z"}
{"level":"info","message":"::1 - - [18/Jan/2017:17:13:47 +0000] \"POST /aulas/aula HTTP/1.1\" 201 826\n","timestamp":"2017-01-18T17:13:47.912Z"}
{"level":"info","message":"::1 - - [18/Jan/2017:17:14:50 +0000] \"PUT /aulas/aula HTTP/1.1\" 200 608\n","timestamp":"2017-01-18T17:14:50.254Z"}
{"level":"info","message":"consultando aula: 4","timestamp":"2017-01-18T17:15:50.338Z"}
{"level":"info","message":"::1 - - [18/Jan/2017:17:15:50 +0000] \"GET /aulas/aula/4 HTTP/1.1\" 200 608\n","timestamp":"2017-01-18T17:15:50.387Z"}
{"level":"info","message":"::1 - - [18/Jan/2017:17:16:20 +0000] \"DELETE /aulas/aula/4 HTTP/1.1\" 500 2478\n","timestamp":"2017-01-18T17:16:20.547Z"}
{"level":"info","message":"::1 - - [18/Jan/2017:17:18:45 +0000] \"DELETE /aulas/aula/4 HTTP/1.1\" 204 -\n","timestamp":"2017-01-18T17:18:45.667Z"}
{"level":"info","message":"consultando curso: 11","timestamp":"2017-01-18T22:22:28.419Z"}
{"level":"info","message":"consultando curso: 1","timestamp":"2017-01-18T22:24:51.570Z"}
{"level":"info","message":"::1 - - [18/Jan/2017:22:24:52 +0000] \"GET /cursos/curso/1 HTTP/1.1\" 200 95\n","timestamp":"2017-01-18T22:24:52.190Z"}
{"level":"info","message":"::ffff:127.0.0.1 - - [18/Jan/2017:22:59:50 +0000] \"POST /cursos/curso HTTP/1.1\" 201 348\n","timestamp":"2017-01-18T22:59:50.862Z"}
{"level":"info","message":"::ffff:127.0.0.1 - - [18/Jan/2017:22:59:50 +0000] \"POST /cursos/curso HTTP/1.1\" 400 79\n","timestamp":"2017-01-18T22:59:50.915Z"}
{"level":"info","message":"consultando curso: 1","timestamp":"2017-01-18T22:59:50.924Z"}
{"level":"info","message":"::ffff:127.0.0.1 - - [18/Jan/2017:22:59:51 +0000] \"GET /cursos/curso/1 HTTP/1.1\" 200 95\n","timestamp":"2017-01-18T22:59:51.035Z"}
{"level":"info","message":"::ffff:127.0.0.1 - - [18/Jan/2017:22:59:51 +0000] \"PUT /cursos/curso HTTP/1.1\" 200 128\n","timestamp":"2017-01-18T22:59:51.135Z"}
{"level":"info","message":"::ffff:127.0.0.1 - - [18/Jan/2017:22:59:51 +0000] \"DELETE /cursos/curso/4 HTTP/1.1\" 204 -\n","timestamp":"2017-01-18T22:59:51.248Z"}
{"level":"info","message":"::ffff:127.0.0.1 - - [18/Jan/2017:23:21:21 +0000] \"POST /cursos/curso HTTP/1.1\" 500 65\n","timestamp":"2017-01-18T23:21:21.367Z"}
{"level":"info","message":"::ffff:127.0.0.1 - - [18/Jan/2017:23:21:21 +0000] \"POST /cursos/curso HTTP/1.1\" 400 79\n","timestamp":"2017-01-18T23:21:21.398Z"}
{"level":"info","message":"consultando curso: 1","timestamp":"2017-01-18T23:21:21.408Z"}
{"level":"info","message":"::ffff:127.0.0.1 - - [18/Jan/2017:23:21:21 +0000] \"GET /cursos/curso/1 HTTP/1.1\" 200 95\n","timestamp":"2017-01-18T23:21:21.495Z"}
{"level":"info","message":"::ffff:127.0.0.1 - - [18/Jan/2017:23:21:21 +0000] \"PUT /cursos/curso HTTP/1.1\" 200 128\n","timestamp":"2017-01-18T23:21:21.574Z"}
{"level":"info","message":"::ffff:127.0.0.1 - - [18/Jan/2017:23:21:21 +0000] \"DELETE /cursos/curso/11 HTTP/1.1\" 204 -\n","timestamp":"2017-01-18T23:21:21.717Z"}
{"level":"info","message":"::ffff:127.0.0.1 - - [18/Jan/2017:23:22:25 +0000] \"POST /cursos/curso HTTP/1.1\" 500 65\n","timestamp":"2017-01-18T23:22:25.576Z"}
{"level":"info","message":"::ffff:127.0.0.1 - - [18/Jan/2017:23:22:25 +0000] \"POST /cursos/curso HTTP/1.1\" 400 79\n","timestamp":"2017-01-18T23:22:25.618Z"}
{"level":"info","message":"consultando curso: 1","timestamp":"2017-01-18T23:22:25.630Z"}
{"level":"info","message":"::ffff:127.0.0.1 - - [18/Jan/2017:23:22:25 +0000] \"GET /cursos/curso/1 HTTP/1.1\" 200 95\n","timestamp":"2017-01-18T23:22:25.721Z"}
{"level":"info","message":"::ffff:127.0.0.1 - - [18/Jan/2017:23:22:25 +0000] \"PUT /cursos/curso HTTP/1.1\" 200 128\n","timestamp":"2017-01-18T23:22:25.829Z"}
{"level":"info","message":"::ffff:127.0.0.1 - - [18/Jan/2017:23:22:25 +0000] \"DELETE /cursos/curso/11 HTTP/1.1\" 204 -\n","timestamp":"2017-01-18T23:22:25.918Z"}
{"level":"info","message":"::ffff:127.0.0.1 - - [18/Jan/2017:23:31:43 +0000] \"POST /cursos/curso HTTP/1.1\" 500 65\n","timestamp":"2017-01-18T23:31:43.040Z"}
{"level":"info","message":"::ffff:127.0.0.1 - - [18/Jan/2017:23:31:43 +0000] \"POST /cursos/curso HTTP/1.1\" 400 79\n","timestamp":"2017-01-18T23:31:43.078Z"}
{"level":"info","message":"consultando curso: 1","timestamp":"2017-01-18T23:31:43.094Z"}
{"level":"info","message":"::ffff:127.0.0.1 - - [18/Jan/2017:23:31:43 +0000] \"GET /cursos/curso/1 HTTP/1.1\" 200 95\n","timestamp":"2017-01-18T23:31:43.203Z"}
{"level":"info","message":"::ffff:127.0.0.1 - - [18/Jan/2017:23:31:43 +0000] \"PUT /cursos/curso HTTP/1.1\" 200 128\n","timestamp":"2017-01-18T23:31:43.775Z"}
{"level":"info","message":"::ffff:127.0.0.1 - - [18/Jan/2017:23:31:43 +0000] \"DELETE /cursos/curso/11 HTTP/1.1\" 204 -\n","timestamp":"2017-01-18T23:31:43.855Z"}
{"level":"info","message":"::ffff:127.0.0.1 - - [18/Jan/2017:23:33:04 +0000] \"POST /cursos/curso HTTP/1.1\" 500 65\n","timestamp":"2017-01-18T23:33:04.547Z"}
{"level":"info","message":"::ffff:127.0.0.1 - - [18/Jan/2017:23:33:04 +0000] \"POST /cursos/curso HTTP/1.1\" 400 79\n","timestamp":"2017-01-18T23:33:04.596Z"}
{"level":"info","message":"consultando curso: 1","timestamp":"2017-01-18T23:33:04.605Z"}
{"level":"info","message":"::ffff:127.0.0.1 - - [18/Jan/2017:23:33:04 +0000] \"GET /cursos/curso/1 HTTP/1.1\" 200 95\n","timestamp":"2017-01-18T23:33:04.689Z"}
{"level":"info","message":"::ffff:127.0.0.1 - - [18/Jan/2017:23:33:04 +0000] \"PUT /cursos/curso HTTP/1.1\" 200 128\n","timestamp":"2017-01-18T23:33:04.766Z"}
{"level":"info","message":"::ffff:127.0.0.1 - - [18/Jan/2017:23:33:04 +0000] \"DELETE /cursos/curso/11 HTTP/1.1\" 204 -\n","timestamp":"2017-01-18T23:33:04.858Z"}
{"level":"info","message":"::ffff:127.0.0.1 - - [18/Jan/2017:23:50:44 +0000] \"POST /cursos/curso HTTP/1.1\" 201 349\n","timestamp":"2017-01-18T23:50:44.434Z"}
{"level":"info","message":"::ffff:127.0.0.1 - - [18/Jan/2017:23:50:44 +0000] \"POST /cursos/curso HTTP/1.1\" 400 79\n","timestamp":"2017-01-18T23:50:44.499Z"}
{"level":"info","message":"consultando curso: 1","timestamp":"2017-01-18T23:50:44.513Z"}
{"level":"info","message":"::ffff:127.0.0.1 - - [18/Jan/2017:23:50:44 +0000] \"GET /cursos/curso/1 HTTP/1.1\" 200 95\n","timestamp":"2017-01-18T23:50:44.634Z"}
{"level":"info","message":"::ffff:127.0.0.1 - - [18/Jan/2017:23:50:44 +0000] \"PUT /cursos/curso HTTP/1.1\" 200 128\n","timestamp":"2017-01-18T23:50:44.711Z"}
{"level":"info","message":"::ffff:127.0.0.1 - - [18/Jan/2017:23:50:44 +0000] \"DELETE /cursos/curso/11 HTTP/1.1\" 204 -\n","timestamp":"2017-01-18T23:50:44.794Z"}
{"level":"info","message":"::1 - - [02/Feb/2017:02:45:14 +0000] \"GET /cursos HTTP/1.1\" 200 3\n","timestamp":"2017-02-02T02:45:14.556Z"}
{"level":"info","message":"::1 - - [02/Feb/2017:02:45:45 +0000] \"GET /cursos HTTP/1.1\" 200 3\n","timestamp":"2017-02-02T02:45:45.169Z"}
{"level":"info","message":"::1 - - [02/Feb/2017:02:46:36 +0000] \"GET /cursos HTTP/1.1\" 200 3\n","timestamp":"2017-02-02T02:46:36.561Z"}
{"level":"info","message":"::1 - - [02/Feb/2017:02:46:59 +0000] \"GET /cursos HTTP/1.1\" 200 3\n","timestamp":"2017-02-02T02:46:59.665Z"}
{"level":"info","message":"::1 - - [02/Feb/2017:02:47:41 +0000] \"GET /cursos HTTP/1.1\" 200 3\n","timestamp":"2017-02-02T02:47:41.751Z"}
{"level":"info","message":"::1 - - [02/Feb/2017:02:48:34 +0000] \"GET /cursos HTTP/1.1\" 200 3\n","timestamp":"2017-02-02T02:48:34.737Z"}
{"level":"info","message":"::1 - - [02/Feb/2017:02:49:08 +0000] \"GET /cursos HTTP/1.1\" 200 3\n","timestamp":"2017-02-02T02:49:08.348Z"}
{"level":"info","message":"::1 - - [02/Feb/2017:02:49:51 +0000] \"GET /cursos HTTP/1.1\" 200 3\n","timestamp":"2017-02-02T02:49:51.085Z"}
{"level":"info","message":"consultando curso: 11","timestamp":"2017-02-02T02:50:43.844Z"}
{"level":"info","message":"::1 - - [02/Feb/2017:02:51:08 +0000] \"GET /cursos/curso/11 HTTP/1.1\" - -\n","timestamp":"2017-02-02T02:51:08.795Z"}
{"level":"info","message":"consultando curso: 11","timestamp":"2017-02-02T02:51:09.777Z"}
{"level":"info","message":"::1 - - [02/Feb/2017:02:51:20 +0000] \"GET /cursos/curso/11 HTTP/1.1\" 200 2\n","timestamp":"2017-02-02T02:51:20.090Z"}
{"level":"info","message":"consultando curso: 6","timestamp":"2017-02-02T02:55:23.403Z"}
{"level":"info","message":"::1 - - [02/Feb/2017:02:55:23 +0000] \"GET /cursos/curso/6 HTTP/1.1\" 200 98\n","timestamp":"2017-02-02T02:55:23.533Z"}
{"level":"info","message":"::1 - - [02/Feb/2017:02:55:30 +0000] \"GET /cursos HTTP/1.1\" 200 3\n","timestamp":"2017-02-02T02:55:30.720Z"}
{"level":"info","message":"consultando curso: 6","timestamp":"2017-02-02T02:55:56.397Z"}
{"level":"info","message":"::1 - - [02/Feb/2017:02:55:56 +0000] \"GET /cursos/curso/6 HTTP/1.1\" 200 98\n","timestamp":"2017-02-02T02:55:56.492Z"}
{"level":"info","message":"::1 - - [02/Feb/2017:02:56:28 +0000] \"GET /cursos HTTP/1.1\" 200 3\n","timestamp":"2017-02-02T02:56:28.664Z"}
{"level":"info","message":"::1 - - [02/Feb/2017:03:09:55 +0000] \"GET /cursos HTTP/1.1\" 200 3\n","timestamp":"2017-02-02T03:09:55.740Z"}
{"level":"info","message":"::1 - - [02/Feb/2017:03:10:11 +0000] \"GET /cursos/ HTTP/1.1\" 200 3\n","timestamp":"2017-02-02T03:10:11.072Z"}
{"level":"info","message":"::1 - - [02/Feb/2017:03:10:26 +0000] \"GET /cursos/ HTTP/1.1\" 200 3\n","timestamp":"2017-02-02T03:10:26.735Z"}
{"level":"info","message":"::1 - - [02/Feb/2017:03:10:37 +0000] \"GET /cursos HTTP/1.1\" 200 3\n","timestamp":"2017-02-02T03:10:37.616Z"}
{"level":"info","message":"Parametro utilizado na consulta de curso: undefined","timestamp":"2017-02-02T03:13:17.372Z"}
{"level":"info","message":"::1 - - [02/Feb/2017:03:13:17 +0000] \"GET /cursos/curso HTTP/1.1\" 500 2135\n","timestamp":"2017-02-02T03:13:17.515Z"}
{"level":"info","message":"Parametro utilizado na consulta de curso: undefined","timestamp":"2017-02-02T03:13:25.919Z"}
{"level":"info","message":"::1 - - [02/Feb/2017:03:13:25 +0000] \"GET /cursos/curso HTTP/1.1\" 500 2180\n","timestamp":"2017-02-02T03:13:25.923Z"}
{"level":"info","message":"::1 - - [02/Feb/2017:03:14:43 +0000] \"GET /cursos/curso HTTP/1.1\" 400 1039\n","timestamp":"2017-02-02T03:14:43.285Z"}
{"level":"info","message":"::1 - - [02/Feb/2017:03:16:19 +0000] \"GET /cursos/curso HTTP/1.1\" 400 1039\n","timestamp":"2017-02-02T03:16:19.153Z"}
{"level":"info","message":"Parametro utilizado na consulta de curso: [object Object]","timestamp":"2017-02-02T03:17:34.183Z"}
{"level":"info","message":"::1 - - [02/Feb/2017:03:18:07 +0000] \"GET /cursos/curso HTTP/1.1\" - -\n","timestamp":"2017-02-02T03:18:07.551Z"}
{"level":"info","message":"Parametro utilizado na consulta de curso: [object Object]","timestamp":"2017-02-02T03:18:36.449Z"}
{"level":"info","message":"::1 - - [02/Feb/2017:03:18:36 +0000] \"GET /cursos/curso HTTP/1.1\" 200 98\n","timestamp":"2017-02-02T03:18:36.985Z"}
{"level":"info","message":"Parametro utilizado na consulta de curso: [object Object]","timestamp":"2017-02-02T03:20:11.187Z"}
{"level":"info","message":"::1 - - [02/Feb/2017:03:20:11 +0000] \"GET /cursos/curso HTTP/1.1\" 200 98\n","timestamp":"2017-02-02T03:20:11.408Z"}
{"level":"info","message":"Parametro utilizado na consulta de curso: undefined","timestamp":"2017-02-02T03:20:32.036Z"}
{"level":"info","message":"::1 - - [02/Feb/2017:03:20:32 +0000] \"GET /cursos/curso HTTP/1.1\" 500 2180\n","timestamp":"2017-02-02T03:20:32.046Z"}
{"level":"info","message":"Parametro utilizado na consulta de curso: undefined","timestamp":"2017-02-02T03:20:52.501Z"}
{"level":"info","message":"::1 - - [02/Feb/2017:03:20:52 +0000] \"GET /cursos/curso HTTP/1.1\" 500 2135\n","timestamp":"2017-02-02T03:20:52.622Z"}
{"level":"info","message":"Parametro utilizado na consulta de curso: [object Object]","timestamp":"2017-02-02T03:21:08.793Z"}
{"level":"info","message":"::1 - - [02/Feb/2017:03:21:10 +0000] \"GET /cursos/curso HTTP/1.1\" 200 98\n","timestamp":"2017-02-02T03:21:10.087Z"}
{"level":"info","message":"Parametro utilizado na consulta de curso: undefined","timestamp":"2017-02-02T03:24:47.695Z"}
{"level":"info","message":"::1 - - [02/Feb/2017:03:24:47 +0000] \"GET /cursos/curso HTTP/1.1\" 500 2135\n","timestamp":"2017-02-02T03:24:47.800Z"}
{"level":"info","message":"Parametro utilizado na consulta de curso: undefined","timestamp":"2017-02-02T03:24:58.587Z"}
{"level":"info","message":"::1 - - [02/Feb/2017:03:24:58 +0000] \"GET /cursos/curso HTTP/1.1\" 500 2180\n","timestamp":"2017-02-02T03:24:58.596Z"}
{"level":"info","message":"Parametro utilizado na consulta de curso: [object Object]","timestamp":"2017-02-02T03:25:25.776Z"}
{"level":"info","message":"::1 - - [02/Feb/2017:03:25:26 +0000] \"GET /cursos/curso HTTP/1.1\" 200 2\n","timestamp":"2017-02-02T03:25:26.207Z"}
{"level":"info","message":"Parametro utilizado na consulta de curso: [object Object]","timestamp":"2017-02-02T03:26:45.379Z"}
{"level":"info","message":"::1 - - [02/Feb/2017:03:26:45 +0000] \"GET /cursos/curso HTTP/1.1\" 200 2\n","timestamp":"2017-02-02T03:26:45.636Z"}
{"level":"info","message":"Parametro utilizado na consulta de curso: [object Object]","timestamp":"2017-02-02T03:32:10.655Z"}
{"level":"info","message":"::1 - - [02/Feb/2017:03:32:10 +0000] \"GET /cursos/curso HTTP/1.1\" 200 2\n","timestamp":"2017-02-02T03:32:10.888Z"}
{"level":"info","message":"Parametro utilizado na consulta de curso: [object Object]","timestamp":"2017-02-02T03:36:26.055Z"}
{"level":"info","message":"::1 - - [02/Feb/2017:03:36:26 +0000] \"GET /cursos/curso HTTP/1.1\" 200 2\n","timestamp":"2017-02-02T03:36:26.296Z"}
{"level":"info","message":"::1 - - [02/Feb/2017:03:37:06 +0000] \"GET /cursos/curso HTTP/1.1\" 400 1040\n","timestamp":"2017-02-02T03:37:06.643Z"}
{"level":"info","message":"Parametro utilizado na consulta de curso: [object Object]","timestamp":"2017-02-02T03:37:15.468Z"}
{"level":"info","message":"::1 - - [02/Feb/2017:03:37:15 +0000] \"GET /cursos/curso HTTP/1.1\" 200 2\n","timestamp":"2017-02-02T03:37:15.883Z"}
{"level":"info","message":"::1 - - [02/Feb/2017:03:39:23 +0000] \"GET /cursos/curso HTTP/1.1\" 400 1044\n","timestamp":"2017-02-02T03:39:23.772Z"}
{"level":"info","message":"Parametro utilizado na consulta de curso: [object Object]","timestamp":"2017-02-02T03:39:32.194Z"}
{"level":"info","message":"::1 - - [02/Feb/2017:03:39:32 +0000] \"GET /cursos/curso HTTP/1.1\" 200 2\n","timestamp":"2017-02-02T03:39:32.550Z"}
{"level":"info","message":"Parametro utilizado na consulta de curso: [object Object]","timestamp":"2017-02-02T03:39:46.575Z"}
{"level":"info","message":"::1 - - [02/Feb/2017:03:39:46 +0000] \"GET /cursos/curso HTTP/1.1\" 200 2\n","timestamp":"2017-02-02T03:39:46.860Z"}
{"level":"info","message":"Parametro utilizado na consulta de curso: [object Object]","timestamp":"2017-02-02T03:40:59.104Z"}
{"level":"info","message":"::1 - - [02/Feb/2017:03:40:59 +0000] \"GET /cursos/curso HTTP/1.1\" 200 2\n","timestamp":"2017-02-02T03:40:59.317Z"}
{"level":"info","message":"Parametro utilizado na consulta de curso: [object Object]","timestamp":"2017-02-02T03:41:31.066Z"}
{"level":"info","message":"::1 - - [02/Feb/2017:03:41:31 +0000] \"GET /cursos/curso HTTP/1.1\" 200 2\n","timestamp":"2017-02-02T03:41:31.278Z"}
{"level":"info","message":"Parametro utilizado na consulta de curso: [object Object]","timestamp":"2017-02-02T03:42:16.721Z"}
{"level":"info","message":"::1 - - [02/Feb/2017:03:42:17 +0000] \"GET /cursos/curso HTTP/1.1\" 200 986\n","timestamp":"2017-02-02T03:42:17.013Z"}
{"level":"info","message":"Parametro utilizado na consulta de curso: [object Object]","timestamp":"2017-02-02T03:43:08.114Z"}
{"level":"info","message":"::1 - - [02/Feb/2017:03:43:08 +0000] \"GET /cursos/curso HTTP/1.1\" 200 91\n","timestamp":"2017-02-02T03:43:08.458Z"}
{"level":"info","message":"Parametro utilizado na consulta de curso: [object Object]","timestamp":"2017-02-02T03:43:25.512Z"}
{"level":"info","message":"::1 - - [02/Feb/2017:03:43:26 +0000] \"GET /cursos/curso HTTP/1.1\" 200 2\n","timestamp":"2017-02-02T03:43:26.416Z"}
{"level":"info","message":"Parametro utilizado na consulta de curso: [object Object]","timestamp":"2017-02-02T03:47:11.230Z"}
{"level":"info","message":"::1 - - [02/Feb/2017:03:47:11 +0000] \"GET /cursos/curso HTTP/1.1\" 500 67\n","timestamp":"2017-02-02T03:47:11.519Z"}
{"level":"info","message":"Parametro utilizado na consulta de curso: [object Object]","timestamp":"2017-02-02T03:48:41.471Z"}
{"level":"info","message":"::1 - - [02/Feb/2017:03:48:41 +0000] \"GET /cursos/curso HTTP/1.1\" 200 986\n","timestamp":"2017-02-02T03:48:41.793Z"}
{"level":"info","message":"Parametro utilizado na consulta de curso: [object Object]","timestamp":"2017-02-02T03:49:22.818Z"}
{"level":"info","message":"::1 - - [02/Feb/2017:03:49:23 +0000] \"GET /cursos/curso HTTP/1.1\" 200 986\n","timestamp":"2017-02-02T03:49:23.019Z"}
{"level":"info","message":"Parametro utilizado na consulta de curso: [object Object]","timestamp":"2017-02-02T03:50:04.985Z"}
{"level":"info","message":"::1 - - [02/Feb/2017:03:50:05 +0000] \"GET /cursos/curso HTTP/1.1\" 500 67\n","timestamp":"2017-02-02T03:50:05.591Z"}
{"level":"info","message":"Parametro utilizado na consulta de curso: [object Object]","timestamp":"2017-02-02T03:50:18.695Z"}
{"level":"info","message":"::1 - - [02/Feb/2017:03:50:19 +0000] \"GET /cursos/curso HTTP/1.1\" 500 67\n","timestamp":"2017-02-02T03:50:19.017Z"}
{"level":"info","message":"Parametro utilizado na consulta de curso: [object Object]","timestamp":"2017-02-02T03:50:52.373Z"}
{"level":"info","message":"::1 - - [02/Feb/2017:03:50:53 +0000] \"GET /cursos/curso HTTP/1.1\" 500 67\n","timestamp":"2017-02-02T03:50:53.122Z"}
{"level":"info","message":"Parametro utilizado na consulta de curso: [object Object]","timestamp":"2017-02-02T03:51:10.382Z"}
{"level":"info","message":"::1 - - [02/Feb/2017:03:51:14 +0000] \"GET /cursos/curso HTTP/1.1\" 500 67\n","timestamp":"2017-02-02T03:51:14.020Z"}
{"level":"info","message":"Parametro utilizado na consulta de curso: [object Object]","timestamp":"2017-02-02T03:51:36.647Z"}
{"level":"info","message":"::1 - - [02/Feb/2017:03:51:38 +0000] \"GET /cursos/curso HTTP/1.1\" 500 67\n","timestamp":"2017-02-02T03:51:38.544Z"}
{"level":"info","message":"Parametro utilizado na consulta de curso: [object Object]","timestamp":"2017-02-02T03:52:35.759Z"}
{"level":"info","message":"::1 - - [02/Feb/2017:03:52:36 +0000] \"GET /cursos/curso HTTP/1.1\" 500 67\n","timestamp":"2017-02-02T03:52:36.235Z"}
{"level":"info","message":"Parametro utilizado na consulta de curso: [object Object]","timestamp":"2017-02-02T03:52:56.664Z"}
{"level":"info","message":"::1 - - [02/Feb/2017:03:52:56 +0000] \"GET /cursos/curso HTTP/1.1\" 200 2\n","timestamp":"2017-02-02T03:52:56.874Z"}
{"level":"info","message":"Parametro utilizado na consulta de curso: [object Object]","timestamp":"2017-02-02T03:53:18.208Z"}
{"level":"info","message":"::1 - - [02/Feb/2017:03:53:19 +0000] \"GET /cursos/curso HTTP/1.1\" 200 2\n","timestamp":"2017-02-02T03:53:19.364Z"}
{"level":"info","message":"Parametro utilizado na consulta de curso: [object Object]","timestamp":"2017-02-02T03:53:36.020Z"}
{"level":"info","message":"::1 - - [02/Feb/2017:03:53:36 +0000] \"GET /cursos/curso HTTP/1.1\" 500 67\n","timestamp":"2017-02-02T03:53:36.326Z"}
{"level":"info","message":"Parametro utilizado na consulta de curso: [object Object]","timestamp":"2017-02-02T03:54:38.704Z"}
{"level":"info","message":"::1 - - [02/Feb/2017:03:54:38 +0000] \"GET /cursos/curso HTTP/1.1\" 200 2\n","timestamp":"2017-02-02T03:54:38.898Z"}
{"level":"info","message":"Parametro utilizado na consulta de curso: [object Object]","timestamp":"2017-02-02T03:55:25.036Z"}
{"level":"info","message":"::1 - - [02/Feb/2017:03:55:25 +0000] \"GET /cursos/curso HTTP/1.1\" 200 2\n","timestamp":"2017-02-02T03:55:25.270Z"}
{"level":"info","message":"Parametro utilizado na consulta de curso: [object Object]","timestamp":"2017-02-02T03:55:38.623Z"}
{"level":"info","message":"::1 - - [02/Feb/2017:03:55:38 +0000] \"GET /cursos/curso HTTP/1.1\" 200 2\n","timestamp":"2017-02-02T03:55:38.909Z"}
{"level":"info","message":"Parametro utilizado na consulta de curso: [object Object]","timestamp":"2017-02-02T03:56:00.123Z"}
{"level":"info","message":"::1 - - [02/Feb/2017:03:56:00 +0000] \"GET /cursos/curso HTTP/1.1\" 200 2\n","timestamp":"2017-02-02T03:56:00.354Z"}
{"level":"info","message":"Parametro utilizado na consulta de curso: [object Object]","timestamp":"2017-02-02T03:56:28.224Z"}
{"level":"info","message":"::1 - - [02/Feb/2017:03:56:28 +0000] \"GET /cursos/curso HTTP/1.1\" 200 2\n","timestamp":"2017-02-02T03:56:28.459Z"}
{"level":"info","message":"Parametro utilizado na consulta de curso: [object Object]","timestamp":"2017-02-02T03:57:03.469Z"}
{"level":"info","message":"::1 - - [02/Feb/2017:03:57:03 +0000] \"GET /cursos/curso HTTP/1.1\" 200 2\n","timestamp":"2017-02-02T03:57:03.699Z"}
{"level":"info","message":"Parametro utilizado na consulta de curso: [object Object]","timestamp":"2017-02-02T03:57:22.414Z"}
{"level":"info","message":"::1 - - [02/Feb/2017:03:57:22 +0000] \"GET /cursos/curso HTTP/1.1\" 200 2\n","timestamp":"2017-02-02T03:57:22.743Z"}
{"level":"info","message":"Parametro utilizado na consulta de curso: [object Object]","timestamp":"2017-02-02T03:58:42.909Z"}
{"level":"info","message":"::1 - - [02/Feb/2017:03:58:43 +0000] \"GET /cursos/curso HTTP/1.1\" 200 2\n","timestamp":"2017-02-02T03:58:43.117Z"}
{"level":"info","message":"Parametro utilizado na consulta de curso: [object Object]","timestamp":"2017-02-02T03:59:01.985Z"}
{"level":"info","message":"::1 - - [02/Feb/2017:03:59:02 +0000] \"GET /cursos/curso HTTP/1.1\" 200 2\n","timestamp":"2017-02-02T03:59:02.260Z"}
{"level":"info","message":"Parametro utilizado na consulta de curso: [object Object]","timestamp":"2017-02-02T04:00:32.720Z"}
{"level":"info","message":"::1 - - [02/Feb/2017:04:00:32 +0000] \"GET /cursos/curso HTTP/1.1\" 200 2\n","timestamp":"2017-02-02T04:00:32.919Z"}
{"level":"info","message":"Parametro utilizado na consulta de curso: [object Object]","timestamp":"2017-02-02T04:01:04.924Z"}
{"level":"info","message":"::1 - - [02/Feb/2017:04:01:06 +0000] \"GET /cursos/curso HTTP/1.1\" 200 2\n","timestamp":"2017-02-02T04:01:06.021Z"}
{"level":"info","message":"Parametro utilizado na consulta de curso: [object Object]","timestamp":"2017-02-02T04:01:33.200Z"}
{"level":"info","message":"::1 - - [02/Feb/2017:04:01:33 +0000] \"GET /cursos/curso HTTP/1.1\" 500 67\n","timestamp":"2017-02-02T04:01:33.510Z"}
{"level":"info","message":"Parametro utilizado na consulta de curso: [object Object]","timestamp":"2017-02-02T04:01:47.018Z"}
{"level":"info","message":"::1 - - [02/Feb/2017:04:01:47 +0000] \"GET /cursos/curso HTTP/1.1\" 200 2\n","timestamp":"2017-02-02T04:01:47.304Z"}
{"level":"info","message":"Parametro utilizado na consulta de curso: [object Object]","timestamp":"2017-02-02T04:02:07.994Z"}
{"level":"info","message":"::1 - - [02/Feb/2017:04:02:08 +0000] \"GET /cursos/curso HTTP/1.1\" 200 2\n","timestamp":"2017-02-02T04:02:08.279Z"}
{"level":"info","message":"Parametro utilizado na consulta de curso: [object Object]","timestamp":"2017-02-02T04:04:41.704Z"}
{"level":"info","message":"::1 - - [02/Feb/2017:04:04:41 +0000] \"GET /cursos/curso HTTP/1.1\" 500 67\n","timestamp":"2017-02-02T04:04:41.921Z"}
{"level":"info","message":"Parametro utilizado na consulta de curso: [object Object]","timestamp":"2017-02-02T04:08:10.934Z"}
{"level":"info","message":"::1 - - [02/Feb/2017:04:08:11 +0000] \"GET /cursos/curso HTTP/1.1\" 200 683\n","timestamp":"2017-02-02T04:08:11.167Z"}
{"level":"info","message":"Parametro utilizado na consulta de curso: [object Object]","timestamp":"2017-02-02T04:09:03.254Z"}
{"level":"info","message":"::1 - - [02/Feb/2017:04:09:03 +0000] \"GET /cursos/curso HTTP/1.1\" 200 238\n","timestamp":"2017-02-02T04:09:03.467Z"}
{"level":"info","message":"Parametro utilizado na consulta de curso: [object Object]","timestamp":"2017-02-02T04:10:55.630Z"}
{"level":"info","message":"::1 - - [02/Feb/2017:04:10:55 +0000] \"GET /cursos/curso HTTP/1.1\" 200 91\n","timestamp":"2017-02-02T04:10:55.917Z"}
{"level":"info","message":"::1 - - [23/Feb/2017:21:04:47 +0000] \"GET /cursos HTTP/1.1\" 200 3\n","timestamp":"2017-02-23T21:04:47.082Z"}
{"level":"info","message":"::1 - - [23/Feb/2017:21:04:47 +0000] \"GET /favicon.ico HTTP/1.1\" 404 24\n","timestamp":"2017-02-23T21:04:47.166Z"}
{"level":"info","message":"Parametro utilizado na consulta de curso: undefined","timestamp":"2017-02-23T21:04:58.108Z"}
{"level":"info","message":"::1 - - [23/Feb/2017:21:04:58 +0000] \"GET /cursos/curso HTTP/1.1\" 500 2196\n","timestamp":"2017-02-23T21:04:58.202Z"}
{"level":"info","message":"consultando curso: 01","timestamp":"2017-03-11T21:32:22.657Z"}
{"level":"info","message":"::1 - - [11/Mar/2017:21:34:22 +0000] \"GET /cursos/curso/01 HTTP/1.1\" - -\n","timestamp":"2017-03-11T21:34:22.680Z"}
{"level":"info","message":"consultando curso: 01","timestamp":"2017-03-11T21:34:22.687Z"}
{"level":"info","message":"::1 - - [11/Mar/2017:21:35:54 +0000] \"GET /cursos/curso/01 HTTP/1.1\" - -\n","timestamp":"2017-03-11T21:35:54.073Z"}
{"level":"info","message":"consultando curso: 01","timestamp":"2017-03-11T21:35:54.092Z"}
{"level":"info","message":"::1 - - [11/Mar/2017:21:37:54 +0000] \"GET /cursos/curso/01 HTTP/1.1\" - -\n","timestamp":"2017-03-11T21:37:54.094Z"}
{"level":"info","message":"consultando curso: 01","timestamp":"2017-03-11T21:37:54.096Z"}
{"level":"info","message":"::1 - - [11/Mar/2017:21:39:54 +0000] \"GET /cursos/curso/01 HTTP/1.1\" - -\n","timestamp":"2017-03-11T21:39:54.098Z"}
{"level":"info","message":"consultando curso: 01","timestamp":"2017-03-11T21:44:54.146Z"}
{"level":"info","message":"::1 - - [11/Mar/2017:21:46:54 +0000] \"GET /cursos/curso/01 HTTP/1.1\" - -\n","timestamp":"2017-03-11T21:46:54.148Z"}
{"level":"info","message":"consultando curso: 01","timestamp":"2017-03-11T21:56:54.154Z"}
{"level":"info","message":"::1 - - [11/Mar/2017:21:58:54 +0000] \"GET /cursos/curso/01 HTTP/1.1\" - -\n","timestamp":"2017-03-11T21:58:54.157Z"}
{"level":"info","message":"consultando curso: 01","timestamp":"2017-03-11T22:31:06.017Z"}
{"level":"info","message":"::1 - - [11/Mar/2017:22:33:06 +0000] \"GET /cursos/curso/01 HTTP/1.1\" - -\n","timestamp":"2017-03-11T22:33:06.016Z"}
{"level":"info","message":"consultando curso: 01","timestamp":"2017-03-11T22:33:11.030Z"}
{"level":"info","message":"::1 - - [11/Mar/2017:22:35:10 +0000] \"GET /cursos/curso/01 HTTP/1.1\" - -\n","timestamp":"2017-03-11T22:35:10.444Z"}
{"level":"info","message":"consultando curso: 01","timestamp":"2017-03-11T22:35:40.461Z"}
{"level":"info","message":"::1 - - [11/Mar/2017:22:37:30 +0000] \"GET /cursos/curso/01 HTTP/1.1\" - -\n","timestamp":"2017-03-11T22:37:30.514Z"}
